[debug] [2025-05-25T07:11:06.296Z] ----------------------------------------------------------------------
[debug] [2025-05-25T07:11:06.307Z] Command:       C:\Program Files\nodejs\node.exe C:\Users\ACER\AppData\Roaming\npm\node_modules\firebase-tools\lib\bin\firebase.js init hosting
[debug] [2025-05-25T07:11:06.310Z] CLI Version:   14.4.0
[debug] [2025-05-25T07:11:06.310Z] Platform:      win32
[debug] [2025-05-25T07:11:06.311Z] Node Version:  v22.16.0
[debug] [2025-05-25T07:11:06.312Z] Time:          Sun May 25 2025 14:11:06 GMT+0700 (Indochina Time)
[debug] [2025-05-25T07:11:06.313Z] ----------------------------------------------------------------------
[debug] 
[debug] [2025-05-25T07:11:06.336Z] > command requires scopes: ["email","openid","https://www.googleapis.com/auth/cloudplatformprojects.readonly","https://www.googleapis.com/auth/firebase","https://www.googleapis.com/auth/cloud-platform"]
[debug] [2025-05-25T07:11:06.338Z] > authorizing via signed-in user (andredecio100@gmail.com)
[info] 
     ######## #### ########  ######## ########     ###     ######  ########
     ##        ##  ##     ## ##       ##     ##  ##   ##  ##       ##
     ######    ##  ########  ######   ########  #########  ######  ######
     ##        ##  ##    ##  ##       ##     ## ##     ##       ## ##
     ##       #### ##     ## ######## ########  ##     ##  ######  ########

You're about to initialize a Firebase project in this directory:

  C:\Users\ACER\My Drive\AI TEACHING SYSTEM

[info] 
=== Project Setup
[info] 
[info] First, let's associate this project directory with a Firebase project.
[info] You can create multiple project aliases by running firebase use --add, 
[info] but for now we'll just set up a default project.
[info] 
[debug] [2025-05-25T07:12:47.732Z] Checked if tokens are valid: true, expires at: 1748159736021
[debug] [2025-05-25T07:12:47.733Z] Checked if tokens are valid: true, expires at: 1748159736021
[debug] [2025-05-25T07:12:47.739Z] >>> [apiv2][query] GET https://firebase.googleapis.com/v1beta1/projects pageSize=100
[debug] [2025-05-25T07:12:48.605Z] <<< [apiv2][status] GET https://firebase.googleapis.com/v1beta1/projects 200
[debug] [2025-05-25T07:12:48.605Z] <<< [apiv2][body] GET https://firebase.googleapis.com/v1beta1/projects [omitted]
[info] i  Using project enduring-victor-460703-a2 (My First Project) 
[info] 
=== Hosting Setup
[debug] [2025-05-25T07:13:00.886Z] Checked if tokens are valid: true, expires at: 1748159736021
[debug] [2025-05-25T07:13:00.887Z] Checked if tokens are valid: true, expires at: 1748159736021
[debug] [2025-05-25T07:13:00.887Z] >>> [apiv2][query] GET https://firebase.googleapis.com/v1beta1/projects/enduring-victor-460703-a2 [none]
[debug] [2025-05-25T07:13:01.518Z] <<< [apiv2][status] GET https://firebase.googleapis.com/v1beta1/projects/enduring-victor-460703-a2 200
[debug] [2025-05-25T07:13:01.519Z] <<< [apiv2][body] GET https://firebase.googleapis.com/v1beta1/projects/enduring-victor-460703-a2 {"projectId":"enduring-victor-460703-a2","projectNumber":"190391960875","displayName":"My First Project","name":"projects/enduring-victor-460703-a2","resources":{"hostingSite":"enduring-victor-460703-a2"},"state":"ACTIVE","etag":"1_67739b61-b294-447e-bc1b-bb60a1d6d306"}
[info] 
[info] Your public directory is the folder (relative to your project directory) that
[info] will contain Hosting assets to be uploaded with firebase deploy. If you
[info] have a build process for your assets, use your build's output directory.
[info] 
[debug] [2025-05-25T07:14:42.288Z] >>> [apiv2][query] GET https://www.gstatic.com/firebasejs/releases.json [none]
[debug] [2025-05-25T07:14:42.464Z] <<< [apiv2][status] GET https://www.gstatic.com/firebasejs/releases.json 200
[debug] [2025-05-25T07:14:42.465Z] <<< [apiv2][body] GET https://www.gstatic.com/firebasejs/releases.json {"current":{"version":"11.8.1","browserURL":"https://www.gstatic.com/firebasejs/11.8.1/firebase.js","packageURL":"https://www.gstatic.com/firebasejs/11.8.1/firebase.tgz"},"live":{"version":"11.8","browserURL":"https://www.gstatic.com/firebasejs/live/11.8/firebase.js","packageURL":"https://www.gstatic.com/firebasejs/live/11.8/firebase.tgz"},"components":{"ai":"https://www.gstatic.com/firebasejs/11.8.1/firebase-ai.js","analytics":"https://www.gstatic.com/firebasejs/11.8.1/firebase-analytics.js","app":"https://www.gstatic.com/firebasejs/11.8.1/firebase-app.js","app-check":"https://www.gstatic.com/firebasejs/11.8.1/firebase-app-check.js","auth":"https://www.gstatic.com/firebasejs/11.8.1/firebase-auth.js","auth/cordova":"https://www.gstatic.com/firebasejs/11.8.1/firebase-auth/cordova.js","auth/web-extension":"https://www.gstatic.com/firebasejs/11.8.1/firebase-auth/web-extension.js","functions":"https://www.gstatic.com/firebasejs/11.8.1/firebase-functions.js","firestore":"https://www.gstatic.com/firebasejs/11.8.1/firebase-firestore.js","firestore/lite":"https://www.gstatic.com/firebasejs/11.8.1/firebase-firestore/lite.js","installations":"https://www.gstatic.com/firebasejs/11.8.1/firebase-installations.js","storage":"https://www.gstatic.com/firebasejs/11.8.1/firebase-storage.js","performance":"https://www.gstatic.com/firebasejs/11.8.1/firebase-performance.js","remote-config":"https://www.gstatic.com/firebasejs/11.8.1/firebase-remote-config.js","messaging":"https://www.gstatic.com/firebasejs/11.8.1/firebase-messaging.js","messaging/sw":"https://www.gstatic.com/firebasejs/11.8.1/firebase-messaging/sw.js","database":"https://www.gstatic.com/firebasejs/11.8.1/firebase-database.js","vertexai":"https://www.gstatic.com/firebasejs/11.8.1/firebase-vertexai.js","data-connect":"https://www.gstatic.com/firebasejs/11.8.1/firebase-data-connect.js","firestore.memory":"https://www.gstatic.com/firebasejs/11.8.1/firebase-firestore.memory.js"}}
[info] +  Wrote public/index.html 
[info] 
[info] i  Didn't detect a .git folder. Assuming C:\Users\ACER\My Drive\AI TEACHING SYSTEM is the project root. 
[info] i  Authorizing with GitHub to upload your service account to a GitHub repository's secrets store. 
[info] 
[info] Visit this URL on this device to log in:
[info] https://github.com/login/oauth/authorize?client_id=89cf50f02ac6aaed3484&state=904625275&redirect_uri=http%3A%2F%2Flocalhost%3A9005&scope=read%3Auser%20repo%20public_repo
[info] 
[info] Waiting for authentication...
